  Quadrilateral.cpp
C:\Users\Админ\Desktop\мое\IT\уник\hfykmfle,lfed\hfykmfle,lfed\Quadrilateral.cpp(7,9): warning C4477: "scanf": в строке форматирования "%f" требуется аргумент типа "float *", но вариативный аргумент "1" имеет тип "double *"
C:\Users\Админ\Desktop\мое\IT\уник\hfykmfle,lfed\hfykmfle,lfed\Quadrilateral.cpp(7,9): message : рекомендуется использовать "%lf" в строке форматирования
C:\Users\Админ\Desktop\мое\IT\уник\hfykmfle,lfed\hfykmfle,lfed\Quadrilateral.cpp(7,9): warning C4477: "scanf": в строке форматирования "%f" требуется аргумент типа "float *", но вариативный аргумент "2" имеет тип "double *"
C:\Users\Админ\Desktop\мое\IT\уник\hfykmfle,lfed\hfykmfle,lfed\Quadrilateral.cpp(7,9): message : рекомендуется использовать "%lf" в строке форматирования
C:\Users\Админ\Desktop\мое\IT\уник\hfykmfle,lfed\hfykmfle,lfed\Quadrilateral.cpp(9,9): warning C4477: "scanf": в строке форматирования "%f" требуется аргумент типа "float *", но вариативный аргумент "1" имеет тип "double *"
C:\Users\Админ\Desktop\мое\IT\уник\hfykmfle,lfed\hfykmfle,lfed\Quadrilateral.cpp(9,9): message : рекомендуется использовать "%lf" в строке форматирования
C:\Users\Админ\Desktop\мое\IT\уник\hfykmfle,lfed\hfykmfle,lfed\Quadrilateral.cpp(9,9): warning C4477: "scanf": в строке форматирования "%f" требуется аргумент типа "float *", но вариативный аргумент "2" имеет тип "double *"
C:\Users\Админ\Desktop\мое\IT\уник\hfykmfle,lfed\hfykmfle,lfed\Quadrilateral.cpp(9,9): message : рекомендуется использовать "%lf" в строке форматирования
C:\Users\Админ\Desktop\мое\IT\уник\hfykmfle,lfed\hfykmfle,lfed\Quadrilateral.cpp(11,9): warning C4477: "scanf": в строке форматирования "%f" требуется аргумент типа "float *", но вариативный аргумент "1" имеет тип "double *"
C:\Users\Админ\Desktop\мое\IT\уник\hfykmfle,lfed\hfykmfle,lfed\Quadrilateral.cpp(11,9): message : рекомендуется использовать "%lf" в строке форматирования
C:\Users\Админ\Desktop\мое\IT\уник\hfykmfle,lfed\hfykmfle,lfed\Quadrilateral.cpp(11,9): warning C4477: "scanf": в строке форматирования "%f" требуется аргумент типа "float *", но вариативный аргумент "2" имеет тип "double *"
C:\Users\Админ\Desktop\мое\IT\уник\hfykmfle,lfed\hfykmfle,lfed\Quadrilateral.cpp(11,9): message : рекомендуется использовать "%lf" в строке форматирования
C:\Users\Админ\Desktop\мое\IT\уник\hfykmfle,lfed\hfykmfle,lfed\Quadrilateral.cpp(13,9): warning C4477: "scanf": в строке форматирования "%f" требуется аргумент типа "float *", но вариативный аргумент "1" имеет тип "double *"
C:\Users\Админ\Desktop\мое\IT\уник\hfykmfle,lfed\hfykmfle,lfed\Quadrilateral.cpp(13,9): message : рекомендуется использовать "%lf" в строке форматирования
C:\Users\Админ\Desktop\мое\IT\уник\hfykmfle,lfed\hfykmfle,lfed\Quadrilateral.cpp(13,9): warning C4477: "scanf": в строке форматирования "%f" требуется аргумент типа "float *", но вариативный аргумент "2" имеет тип "double *"
C:\Users\Админ\Desktop\мое\IT\уник\hfykmfle,lfed\hfykmfle,lfed\Quadrilateral.cpp(13,9): message : рекомендуется использовать "%lf" в строке форматирования
C:\Users\Админ\Desktop\мое\IT\уник\hfykmfle,lfed\hfykmfle,lfed\Quadrilateral.cpp(25,13): warning C4244: инициализация: преобразование "double" в "float", возможна потеря данных
C:\Users\Админ\Desktop\мое\IT\уник\hfykmfle,lfed\hfykmfle,lfed\Quadrilateral.cpp(26,13): warning C4244: инициализация: преобразование "double" в "float", возможна потеря данных
  hfykmfle,lfed.vcxproj -> C:\Users\Админ\Desktop\мое\IT\уник\hfykmfle,lfed\x64\Debug\hfykmfle,lfed.exe
